<?xml version="1.0" encoding="UTF-8"?>
<!-- Generated by org.testng.reporters.JUnitReportReporter -->
<testsuite hostname="DESKTOP-QQLF1EG" failures="0" tests="1" name="animalTest.mammal.predator.LionTest" time="0.000" errors="0" timestamp="2022-06-13T17:29:41 MSK" skipped="0">
  <testcase classname="animalTest.mammal.predator.LionTest" name="ageTest" time="0.000"/>
  <system-out/>
</testsuite> <!-- animalTest.mammal.predator.LionTest -->
