<?xml version="1.0" encoding="UTF-8"?>
<!-- Generated by org.testng.reporters.JUnitReportReporter -->
<testsuite hostname="DESKTOP-QQLF1EG" failures="0" tests="6" name="animalTest.ampfibian.tailless.FrogTest" time="0.000" errors="0" timestamp="2022-06-02T11:05:37 MSK" skipped="0">
  <testcase classname="animalTest.ampfibian.tailless.FrogTest" name="describeTest" time="0.000"/>
  <system-out/>
  <testcase classname="animalTest.ampfibian.tailless.FrogTest" name="nameTest" time="0.000"/>
  <system-out/>
  <testcase classname="animalTest.ampfibian.tailless.FrogTest" name="ageTest" time="0.000"/>
  <system-out/>
  <testcase classname="animalTest.ampfibian.tailless.FrogTest" name="foodTest" time="0.000"/>
  <system-out/>
  <testcase classname="animalTest.ampfibian.tailless.FrogTest" name="livingZoneTest" time="0.000"/>
  <system-out/>
  <testcase classname="animalTest.ampfibian.tailless.FrogTest" name="climateZoneTest" time="0.000"/>
  <system-out/>
</testsuite> <!-- animalTest.ampfibian.tailless.FrogTest -->
