<?xml version="1.0" encoding="UTF-8"?>
<!-- Generated by org.testng.reporters.JUnitReportReporter -->
<testsuite hostname="DESKTOP-QQLF1EG" failures="0" tests="6" name="animalTest.bird.ostrichlike.AfricanOstrichTest" time="0.000" errors="0" timestamp="2022-06-13T17:29:41 MSK" skipped="0">
  <testcase classname="animalTest.bird.ostrichlike.AfricanOstrichTest" name="climateZoneTest" time="0.000"/>
  <system-out/>
  <testcase classname="animalTest.bird.ostrichlike.AfricanOstrichTest" name="describeTest" time="0.000"/>
  <system-out/>
  <testcase classname="animalTest.bird.ostrichlike.AfricanOstrichTest" name="ageTest" time="0.000"/>
  <system-out/>
  <testcase classname="animalTest.bird.ostrichlike.AfricanOstrichTest" name="foodTest" time="0.000"/>
  <system-out/>
  <testcase classname="animalTest.bird.ostrichlike.AfricanOstrichTest" name="nameTest" time="0.000"/>
  <system-out/>
  <testcase classname="animalTest.bird.ostrichlike.AfricanOstrichTest" name="livingZoneTest" time="0.000"/>
  <system-out/>
</testsuite> <!-- animalTest.bird.ostrichlike.AfricanOstrichTest -->
