<?xml version="1.0" encoding="UTF-8"?>
<!-- Generated by org.testng.reporters.JUnitReportReporter -->
<testsuite hostname="DESKTOP-QQLF1EG" failures="0" tests="9" name="zooTest.ZooTest" time="0.001" errors="0" timestamp="2022-06-02T11:05:37 MSK" skipped="0">
  <testcase classname="zooTest.ZooTest" name="idTest" time="0.000"/>
  <system-out/>
  <testcase classname="zooTest.ZooTest" name="foodTest" time="0.000"/>
  <system-out/>
  <testcase classname="zooTest.ZooTest" name="addressTest" time="0.000"/>
  <system-out/>
  <testcase classname="zooTest.ZooTest" name="testContactInfo" time="0.000"/>
  <system-out/>
  <testcase classname="zooTest.ZooTest" name="budgetTest" time="0.000"/>
  <system-out/>
  <testcase classname="zooTest.ZooTest" name="nameTest" time="0.000"/>
  <system-out/>
  <testcase classname="zooTest.ZooTest" name="financeTest" time="0.000"/>
  <system-out/>
  <testcase classname="zooTest.ZooTest" name="animalHouseTest" time="0.001"/>
  <system-out/>
  <testcase classname="zooTest.ZooTest" name="describeTest" time="0.000"/>
  <system-out/>
</testsuite> <!-- zooTest.ZooTest -->
