<?xml version="1.0" encoding="UTF-8"?>
<!-- Generated by org.testng.reporters.JUnitReportReporter -->
<testsuite hostname="DESKTOP-QQLF1EG" failures="0" tests="6" name="animalTest.bird.penguin.EmperorPenguinTest" time="0.001" errors="0" timestamp="2022-06-02T11:05:37 MSK" skipped="0">
  <testcase classname="animalTest.bird.penguin.EmperorPenguinTest" name="climateZoneTest" time="0.000"/>
  <system-out/>
  <testcase classname="animalTest.bird.penguin.EmperorPenguinTest" name="livingZoneTest" time="0.000"/>
  <system-out/>
  <testcase classname="animalTest.bird.penguin.EmperorPenguinTest" name="describeTest" time="0.000"/>
  <system-out/>
  <testcase classname="animalTest.bird.penguin.EmperorPenguinTest" name="ageTest" time="0.000"/>
  <system-out/>
  <testcase classname="animalTest.bird.penguin.EmperorPenguinTest" name="foodTest" time="0.001"/>
  <system-out/>
  <testcase classname="animalTest.bird.penguin.EmperorPenguinTest" name="nameTest" time="0.000"/>
  <system-out/>
</testsuite> <!-- animalTest.bird.penguin.EmperorPenguinTest -->
