<?xml version="1.0" encoding="UTF-8"?>
<!-- Generated by org.testng.reporters.JUnitReportReporter -->
<testsuite hostname="DESKTOP-QQLF1EG" failures="0" tests="6" name="animalTest.mammal.primate.ChimpanzeeTest" time="0.001" errors="0" timestamp="2022-06-02T11:05:37 MSK" skipped="0">
  <testcase classname="animalTest.mammal.primate.ChimpanzeeTest" name="describeTest" time="0.001"/>
  <system-out/>
  <testcase classname="animalTest.mammal.primate.ChimpanzeeTest" name="climateZoneTest" time="0.000"/>
  <system-out/>
  <testcase classname="animalTest.mammal.primate.ChimpanzeeTest" name="ageTest" time="0.000"/>
  <system-out/>
  <testcase classname="animalTest.mammal.primate.ChimpanzeeTest" name="foodTest" time="0.000"/>
  <system-out/>
  <testcase classname="animalTest.mammal.primate.ChimpanzeeTest" name="livingZoneTest" time="0.000"/>
  <system-out/>
  <testcase classname="animalTest.mammal.primate.ChimpanzeeTest" name="nameTest" time="0.000"/>
  <system-out/>
</testsuite> <!-- animalTest.mammal.primate.ChimpanzeeTest -->
