<?xml version="1.0" encoding="UTF-8"?>
<!-- Generated by org.testng.reporters.JUnitReportReporter -->
<testsuite hostname="DESKTOP-QQLF1EG" failures="0" tests="2" name="financeTest.income.StateSupportTest" time="0.000" errors="0" timestamp="2022-06-13T17:29:41 MSK" skipped="0">
  <testcase classname="financeTest.income.StateSupportTest" name="costTest" time="0.000"/>
  <system-out/>
  <testcase classname="financeTest.income.StateSupportTest" name="describeTest" time="0.000"/>
  <system-out/>
</testsuite> <!-- financeTest.income.StateSupportTest -->
