<?xml version="1.0" encoding="UTF-8"?>
<!-- Generated by org.testng.reporters.JUnitReportReporter -->
<testsuite hostname="DESKTOP-QQLF1EG" failures="0" tests="1" name="Test" time="0.000" errors="0" timestamp="2022-06-02T11:05:37 MSK" skipped="0">
  <testcase classname="Test" name="AnimalTest" time="0.000"/>
  <system-out/>
</testsuite> <!-- Test -->
