<?xml version="1.0" encoding="UTF-8"?>
<!-- Generated by org.testng.reporters.JUnitReportReporter -->
<testsuite hostname="DESKTOP-QQLF1EG" failures="0" tests="2" name="animalHouseTest.FieldTest" time="0.000" errors="0" timestamp="2022-06-13T17:29:41 MSK" skipped="0">
  <testcase classname="animalHouseTest.FieldTest" name="climateZoneTest" time="0.000"/>
  <system-out/>
  <testcase classname="animalHouseTest.FieldTest" name="typeOfAnimalTest" time="0.000"/>
  <system-out/>
</testsuite> <!-- animalHouseTest.FieldTest -->
