<?xml version="1.0" encoding="UTF-8"?>
<!-- Generated by org.testng.reporters.JUnitReportReporter -->
<testsuite hostname="DESKTOP-QQLF1EG" failures="0" tests="5" name="financeTest.expenses.BuyFoodTest" time="0.001" errors="0" timestamp="2022-06-02T11:05:37 MSK" skipped="0">
  <testcase classname="financeTest.expenses.BuyFoodTest" name="pricePerEachTest" time="0.000"/>
  <system-out/>
  <testcase classname="financeTest.expenses.BuyFoodTest" name="countTest" time="0.001"/>
  <system-out/>
  <testcase classname="financeTest.expenses.BuyFoodTest" name="costTest" time="0.000"/>
  <system-out/>
  <testcase classname="financeTest.expenses.BuyFoodTest" name="typeOfFoodTest" time="0.000"/>
  <system-out/>
  <testcase classname="financeTest.expenses.BuyFoodTest" name="describeTest" time="0.000"/>
  <system-out/>
</testsuite> <!-- financeTest.expenses.BuyFoodTest -->
