<?xml version="1.0" encoding="UTF-8"?>
<!-- Generated by org.testng.reporters.JUnitReportReporter -->
<testsuite hostname="DESKTOP-QQLF1EG" failures="0" tests="6" name="animalTest.bird.anseriforme.GogolTest" time="0.000" errors="0" timestamp="2022-06-13T17:29:41 MSK" skipped="0">
  <testcase classname="animalTest.bird.anseriforme.GogolTest" name="livingZoneTest" time="0.000"/>
  <system-out/>
  <testcase classname="animalTest.bird.anseriforme.GogolTest" name="climateZoneTest" time="0.000"/>
  <system-out/>
  <testcase classname="animalTest.bird.anseriforme.GogolTest" name="ageTest" time="0.000"/>
  <system-out/>
  <testcase classname="animalTest.bird.anseriforme.GogolTest" name="describeTest" time="0.000"/>
  <system-out/>
  <testcase classname="animalTest.bird.anseriforme.GogolTest" name="foodTest" time="0.000"/>
  <system-out/>
  <testcase classname="animalTest.bird.anseriforme.GogolTest" name="nameTest" time="0.000"/>
  <system-out/>
</testsuite> <!-- animalTest.bird.anseriforme.GogolTest -->
