<?xml version="1.0" encoding="UTF-8"?>
<!-- Generated by org.testng.reporters.JUnitReportReporter -->
<testsuite hostname="DESKTOP-QQLF1EG" failures="0" tests="4" name="animalHouseTest.AquariumTest" time="0.013" errors="0" timestamp="2022-06-02T11:05:37 MSK" skipped="0">
  <testcase classname="animalHouseTest.AquariumTest" name="climateZoneTest" time="0.011"/>
  <system-out/>
  <testcase classname="animalHouseTest.AquariumTest" name="nameTest" time="0.000"/>
  <system-out/>
  <testcase classname="animalHouseTest.AquariumTest" name="typeOfAnimalTest" time="0.000"/>
  <system-out/>
  <testcase classname="animalHouseTest.AquariumTest" name="areaTest" time="0.002"/>
  <system-out/>
</testsuite> <!-- animalHouseTest.AquariumTest -->
