<?xml version="1.0" encoding="UTF-8"?>
<!-- Generated by org.testng.reporters.JUnitReportReporter -->
<testsuite hostname="DESKTOP-QQLF1EG" failures="0" tests="4" name="animalHouseTest.TerrariumTest" time="0.000" errors="0" timestamp="2022-06-02T11:05:37 MSK" skipped="0">
  <testcase classname="animalHouseTest.TerrariumTest" name="areaTest" time="0.000"/>
  <system-out/>
  <testcase classname="animalHouseTest.TerrariumTest" name="nameTest" time="0.000"/>
  <system-out/>
  <testcase classname="animalHouseTest.TerrariumTest" name="climateZoneTest" time="0.000"/>
  <system-out/>
  <testcase classname="animalHouseTest.TerrariumTest" name="typeOfAnimalTest" time="0.000"/>
  <system-out/>
</testsuite> <!-- animalHouseTest.TerrariumTest -->
