<?xml version="1.0" encoding="UTF-8"?>
<!-- Generated by org.testng.reporters.JUnitReportReporter -->
<testsuite hostname="DESKTOP-QQLF1EG" failures="0" tests="6" name="animalTest.fish.sturgeon.SterletTest" time="0.002" errors="0" timestamp="2022-06-13T17:29:41 MSK" skipped="0">
  <testcase classname="animalTest.fish.sturgeon.SterletTest" name="nameTest" time="0.001"/>
  <system-out/>
  <testcase classname="animalTest.fish.sturgeon.SterletTest" name="ageTest" time="0.000"/>
  <system-out/>
  <testcase classname="animalTest.fish.sturgeon.SterletTest" name="describeTest" time="0.001"/>
  <system-out/>
  <testcase classname="animalTest.fish.sturgeon.SterletTest" name="climateZoneTest" time="0.000"/>
  <system-out/>
  <testcase classname="animalTest.fish.sturgeon.SterletTest" name="livingZoneTest" time="0.000"/>
  <system-out/>
  <testcase classname="animalTest.fish.sturgeon.SterletTest" name="foodTest" time="0.000"/>
  <system-out/>
</testsuite> <!-- animalTest.fish.sturgeon.SterletTest -->
